Build started 10/12/2013 13:11:06.
     1>Project "C:\Users\Juillermo\CAU\OOP\Project 4\ultimum\20070936team9\ishtud\ishtud\ishtud.vcxproj" on node 2 (build target(s)).
     1>InitializeBuildStatus:
         Creating "Debug\love_book.unsuccessfulbuild" because "AlwaysCreate" was specified.
       GenerateTargetFrameworkMonikerAttribute:
       Skipping target "GenerateTargetFrameworkMonikerAttribute" because all output files are up-to-date with respect to the input files.
       ClCompile:
         All outputs are up-to-date.
         All outputs are up-to-date.
         All outputs are up-to-date.
       ManagedIncrementalBuildPostProcessDependencyGraph:
         To improve incremental build performance for managed components, please make sure that the 'VC++ Directories->Reference Directories' points to all the paths which contain the referenced managed assemblies.
         Could not load file or assembly 'file:///G:\VISUAL C++\VC\BIN\1033\CLUI.DLL' or one of its dependencies. El sistema no puede encontrar el archivo especificado.
         To improve incremental build performance for managed components, please make sure that the 'VC++ Directories->Reference Directories' points to all the paths which contain the referenced managed assemblies.
         Could not load file or assembly 'file:///C:\PROGRAM FILES\REFERENCE ASSEMBLIES\MICROSOFT\FRAMEWORK\.NETFRAMEWORK\V4.0\MSCORLIB.DLL' or one of its dependencies. El sistema no puede encontrar el archivo especificado.
         To improve incremental build performance for managed components, please make sure that the 'VC++ Directories->Reference Directories' points to all the paths which contain the referenced managed assemblies.
         Could not load file or assembly 'file:///C:\PROGRAM FILES\REFERENCE ASSEMBLIES\MICROSOFT\FRAMEWORK\.NETFRAMEWORK\V4.0\SYSTEM.CORE.DLL' or one of its dependencies. El sistema no puede encontrar el archivo especificado.
         To improve incremental build performance for managed components, please make sure that the 'VC++ Directories->Reference Directories' points to all the paths which contain the referenced managed assemblies.
         Could not load file or assembly 'file:///C:\PROGRAM FILES\REFERENCE ASSEMBLIES\MICROSOFT\FRAMEWORK\.NETFRAMEWORK\V4.0\SYSTEM.DATA.DLL' or one of its dependencies. El sistema no puede encontrar el archivo especificado.
         To improve incremental build performance for managed components, please make sure that the 'VC++ Directories->Reference Directories' points to all the paths which contain the referenced managed assemblies.
         Could not load file or assembly 'file:///C:\PROGRAM FILES\REFERENCE ASSEMBLIES\MICROSOFT\FRAMEWORK\.NETFRAMEWORK\V4.0\SYSTEM.DLL' or one of its dependencies. El sistema no puede encontrar el archivo especificado.
         To improve incremental build performance for managed components, please make sure that the 'VC++ Directories->Reference Directories' points to all the paths which contain the referenced managed assemblies.
         Could not load file or assembly 'file:///C:\PROGRAM FILES\REFERENCE ASSEMBLIES\MICROSOFT\FRAMEWORK\.NETFRAMEWORK\V4.0\SYSTEM.DRAWING.DLL' or one of its dependencies. El sistema no puede encontrar el archivo especificado.
         To improve incremental build performance for managed components, please make sure that the 'VC++ Directories->Reference Directories' points to all the paths which contain the referenced managed assemblies.
         Could not load file or assembly 'file:///C:\PROGRAM FILES\REFERENCE ASSEMBLIES\MICROSOFT\FRAMEWORK\.NETFRAMEWORK\V4.0\SYSTEM.WINDOWS.FORMS.DLL' or one of its dependencies. El sistema no puede encontrar el archivo especificado.
         To improve incremental build performance for managed components, please make sure that the 'VC++ Directories->Reference Directories' points to all the paths which contain the referenced managed assemblies.
         Could not load file or assembly 'file:///C:\PROGRAM FILES\REFERENCE ASSEMBLIES\MICROSOFT\FRAMEWORK\.NETFRAMEWORK\V4.0\SYSTEM.XML.DLL' or one of its dependencies. El sistema no puede encontrar el archivo especificado.
         To improve incremental build performance for managed components, please make sure that the 'VC++ Directories->Reference Directories' points to all the paths which contain the referenced managed assemblies.
         Could not load file or assembly 'file:///C:\PROGRAM FILES\REFERENCE ASSEMBLIES\MICROSOFT\FRAMEWORK\.NETFRAMEWORK\V4.0\MICROSOFT.VISUALC.DLL' or one of its dependencies. El sistema no puede encontrar el archivo especificado.
         To improve incremental build performance for managed components, please make sure that the 'VC++ Directories->Reference Directories' points to all the paths which contain the referenced managed assemblies.
         Could not load file or assembly 'file:///G:\VISUAL C++\COMMON7\IDE\MSPDBSRV.EXE' or one of its dependencies. El sistema no puede encontrar el archivo especificado.
         To improve incremental build performance for managed components, please make sure that the 'VC++ Directories->Reference Directories' points to all the paths which contain the referenced managed assemblies.
         Could not load file or assembly 'file:///C:\PROGRAM FILES\MICROSOFT VISUAL STUDIO 10.0\VC\BIN\1042\CLUI.DLL' or one of its dependencies. El sistema no puede encontrar el archivo especificado.
         To improve incremental build performance for managed components, please make sure that the 'VC++ Directories->Reference Directories' points to all the paths which contain the referenced managed assemblies.
         Could not load file or assembly 'file:///C:\PROGRAM FILES\MICROSOFT VISUAL STUDIO 10.0\COMMON7\IDE\MSPDBSRV.EXE' or one of its dependencies. El sistema no puede encontrar el archivo especificado.
       CoreResGen:
         No resources are out of date with respect to their source files. Skipping resource generation.
       ResourceCompile:
         All outputs are up-to-date.
       Link:
         C:\Program Files (x86)\Microsoft Visual Studio 10.0\VC\bin\link.exe /ERRORREPORT:PROMPT /OUT:"C:\Users\Juillermo\CAU\OOP\Project 4\ultimum\20070936team9\ishtud\Debug\love_book.exe" /INCREMENTAL /NOLOGO kernel32.lib user32.lib gdi32.lib winspool.lib comdlg32.lib advapi32.lib shell32.lib ole32.lib oleaut32.lib uuid.lib odbc32.lib odbccp32.lib /ASSEMBLYRESOURCE:Debug\ishtud.interestedin.resources /ASSEMBLYRESOURCE:Debug\ishtud.login.resources /ASSEMBLYRESOURCE:Debug\ishtud.result.resources /ASSEMBLYRESOURCE:Debug\ishtud.signUp.resources /ASSEMBLYRESOURCE:Debug\ishtud.thisisyou.resources /MANIFEST /ManifestFile:"Debug\love_book.exe.intermediate.manifest" /MANIFESTUAC:"level='asInvoker' uiAccess='false'" /DEBUG /PDB:"C:\Users\Juillermo\CAU\OOP\Project 4\ultimum\20070936team9\ishtud\Debug\love_book.pdb" /ASSEMBLYDEBUG /SUBSYSTEM:WINDOWS /TLBID:1 /ENTRY:"main" /DYNAMICBASE /FIXED:NO /NXCOMPAT /MACHINE:X86 Debug\app.res
         Debug\AssemblyInfo.obj
         Debug\interestedin.obj
         Debug\ishtud.obj
         Debug\Lover.obj
         Debug\LoversDatabase.obj
         Debug\result.obj
         Debug\signUp.obj
         Debug\stdafx.obj
         Debug\thisisyou.obj
         "Debug\.NETFramework,Version=v4.0.AssemblyAttributes.obj"
         ishtud.vcxproj -> C:\Users\Juillermo\CAU\OOP\Project 4\ultimum\20070936team9\ishtud\Debug\love_book.exe
       Manifest:
         C:\Program Files (x86)\Microsoft SDKs\Windows\v7.0A\bin\mt.exe /nologo /verbose /outputresource:"C:\Users\Juillermo\CAU\OOP\Project 4\ultimum\20070936team9\ishtud\Debug\love_book.exe;#1" /manifest Debug\love_book.exe.intermediate.manifest
     1>C:\Program Files (x86)\MSBuild\Microsoft.Cpp\v4.0\Microsoft.CppCommon.targets(574,5): error MSB6006: "mt.exe" exited with code 31.
     1>Done Building Project "C:\Users\Juillermo\CAU\OOP\Project 4\ultimum\20070936team9\ishtud\ishtud\ishtud.vcxproj" (build target(s)) -- FAILED.

Build FAILED.

Time Elapsed 00:00:04.60
